<?xml version="1.0" encoding="UTF-8"?>
<coverage generated="1698440220755" clover="3.2.0">
  <project timestamp="1698440220755" name="All files">
    <metrics statements="20" coveredstatements="8" conditionals="1" coveredconditionals="1" methods="8" coveredmethods="2" elements="29" coveredelements="11" complexity="0" loc="20" ncloc="20" packages="2" files="2" classes="2"/>
    <package name="prisma">
      <metrics statements="5" coveredstatements="5" conditionals="1" coveredconditionals="1" methods="2" coveredmethods="1"/>
      <file name="connectDb.ts" path="/home/willian-ubuntu/projetos/api_ponto_eletronico_refactoring/src/data/prisma/connectDb.ts">
        <metrics statements="5" coveredstatements="5" conditionals="1" coveredconditionals="1" methods="2" coveredmethods="1"/>
        <line num="1" count="1" type="stmt"/>
        <line num="8" count="1" type="cond" truecount="1" falsecount="0"/>
        <line num="9" count="1" type="stmt"/>
        <line num="13" count="1" type="stmt"/>
        <line num="18" count="1" type="stmt"/>
      </file>
    </package>
    <package name="prisma.repositories">
      <metrics statements="15" coveredstatements="3" conditionals="0" coveredconditionals="0" methods="6" coveredmethods="1"/>
      <file name="prismaRepository.ts" path="/home/willian-ubuntu/projetos/api_ponto_eletronico_refactoring/src/data/prisma/repositories/prismaRepository.ts">
        <metrics statements="15" coveredstatements="3" conditionals="0" coveredconditionals="0" methods="6" coveredmethods="1"/>
        <line num="3" count="1" type="stmt"/>
        <line num="5" count="1" type="stmt"/>
        <line num="7" count="0" type="stmt"/>
        <line num="12" count="0" type="stmt"/>
        <line num="16" count="0" type="stmt"/>
        <line num="22" count="0" type="stmt"/>
        <line num="25" count="0" type="stmt"/>
        <line num="27" count="0" type="stmt"/>
        <line num="31" count="1" type="stmt"/>
        <line num="32" count="0" type="stmt"/>
        <line num="34" count="0" type="stmt"/>
        <line num="37" count="0" type="stmt"/>
        <line num="44" count="0" type="stmt"/>
        <line num="47" count="0" type="stmt"/>
        <line num="52" count="0" type="stmt"/>
      </file>
    </package>
  </project>
</coverage>
