<?xml version="1.0" encoding="UTF-8"?>
<coverage generated="1698874224590" clover="3.2.0">
  <project timestamp="1698874224590" name="All files">
    <metrics statements="18" coveredstatements="9" conditionals="8" coveredconditionals="0" methods="4" coveredmethods="2" elements="30" coveredelements="11" complexity="0" loc="18" ncloc="18" packages="2" files="2" classes="2"/>
    <package name="shared.middlewares">
      <metrics statements="7" coveredstatements="2" conditionals="6" coveredconditionals="0" methods="2" coveredmethods="0"/>
      <file name="AppError.ts" path="/home/willian-ubuntu/projetos/api_ponto_eletronico_refactoring/src/shared/middlewares/AppError.ts">
        <metrics statements="7" coveredstatements="2" conditionals="6" coveredconditionals="0" methods="2" coveredmethods="0"/>
        <line num="3" count="1" type="stmt"/>
        <line num="6" count="0" type="stmt"/>
        <line num="7" count="0" type="stmt"/>
        <line num="11" count="1" type="stmt"/>
        <line num="17" count="0" type="cond" truecount="0" falsecount="4"/>
        <line num="19" count="0" type="cond" truecount="0" falsecount="2"/>
        <line num="21" count="0" type="stmt"/>
      </file>
    </package>
    <package name="useCases.employee.create">
      <metrics statements="11" coveredstatements="7" conditionals="2" coveredconditionals="0" methods="2" coveredmethods="2"/>
      <file name="createEmployeeService.ts" path="/home/willian-ubuntu/projetos/api_ponto_eletronico_refactoring/src/useCases/employee/create/createEmployeeService.ts">
        <metrics statements="11" coveredstatements="7" conditionals="2" coveredconditionals="0" methods="2" coveredmethods="2"/>
        <line num="3" count="1" type="stmt"/>
        <line num="4" count="1" type="stmt"/>
        <line num="7" count="1" type="stmt"/>
        <line num="8" count="1" type="stmt"/>
        <line num="12" count="1" type="stmt"/>
        <line num="13" count="1" type="stmt"/>
        <line num="15" count="1" type="stmt"/>
        <line num="17" count="0" type="cond" truecount="0" falsecount="1"/>
        <line num="18" count="0" type="cond" truecount="0" falsecount="1"/>
        <line num="19" count="0" type="stmt"/>
        <line num="23" count="0" type="stmt"/>
      </file>
    </package>
  </project>
</coverage>
