{"/home/willian-ubuntu/projetos/api_ponto_eletronico_refactoring/src/shared/middlewares/AppError.ts": {"path":"/home/willian-ubuntu/projetos/api_ponto_eletronico_refactoring/src/shared/middlewares/AppError.ts","statementMap":{"0":{"start":{"line":6,"column":4},"end":{"line":6,"column":19}},"1":{"start":{"line":7,"column":4},"end":{"line":7,"column":33}},"2":{"start":{"line":3,"column":0},"end":{"line":3,"column":13}},"3":{"start":{"line":11,"column":31},"end":{"line":24,"column":1}},"4":{"start":{"line":17,"column":21},"end":{"line":17,"column":42}},"5":{"start":{"line":19,"column":23},"end":{"line":19,"column":77}},"6":{"start":{"line":21,"column":2},"end":{"line":23,"column":5}},"7":{"start":{"line":11,"column":13},"end":{"line":11,"column":31}}},"fnMap":{"0":{"name":"(anonymous_0)","decl":{"start":{"line":5,"column":2},"end":{"line":5,"column":14}},"loc":{"start":{"line":5,"column":49},"end":{"line":8,"column":3}}},"1":{"name":"(anonymous_1)","decl":{"start":{"line":11,"column":31},"end":{"line":11,"column":null}},"loc":{"start":{"line":16,"column":4},"end":{"line":24,"column":1}}}},"branchMap":{"0":{"loc":{"start":{"line":17,"column":21},"end":{"line":17,"column":42}},"type":"cond-expr","locations":[{"start":{"line":17,"column":35},"end":{"line":17,"column":39}},{"start":{"line":17,"column":39},"end":{"line":17,"column":42}}]},"1":{"loc":{"start":{"line":17,"column":21},"end":{"line":17,"column":39}},"type":"binary-expr","locations":[{"start":{"line":17,"column":21},"end":{"line":17,"column":39}},{"start":{"line":17,"column":35},"end":{"line":17,"column":39}}]},"2":{"loc":{"start":{"line":19,"column":23},"end":{"line":19,"column":77}},"type":"cond-expr","locations":[{"start":{"line":19,"column":40},"end":{"line":19,"column":51}},{"start":{"line":19,"column":54},"end":{"line":19,"column":77}}]}},"s":{"0":0,"1":0,"2":1,"3":1,"4":0,"5":0,"6":0,"7":1},"f":{"0":0,"1":0},"b":{"0":[0,0],"1":[0,0],"2":[0,0]}}
,"/home/willian-ubuntu/projetos/api_ponto_eletronico_refactoring/src/useCases/employee/create/createEmployeeService.ts": {"path":"/home/willian-ubuntu/projetos/api_ponto_eletronico_refactoring/src/useCases/employee/create/createEmployeeService.ts","statementMap":{"0":{"start":{"line":3,"column":0},"end":{"line":3,"column":64}},"1":{"start":{"line":4,"column":0},"end":{"line":4,"column":40}},"2":{"start":{"line":8,"column":22},"end":{"line":8,"column":69}},"3":{"start":{"line":12,"column":4},"end":{"line":24,"column":null}},"4":{"start":{"line":13,"column":23},"end":{"line":13,"column":65}},"5":{"start":{"line":15,"column":6},"end":{"line":15,"column":22}},"6":{"start":{"line":17,"column":6},"end":{"line":21,"column":null}},"7":{"start":{"line":18,"column":8},"end":{"line":20,"column":null}},"8":{"start":{"line":19,"column":10},"end":{"line":19,"column":55}},"9":{"start":{"line":23,"column":6},"end":{"line":23,"column":45}},"10":{"start":{"line":7,"column":0},"end":{"line":7,"column":13}}},"fnMap":{"0":{"name":"(anonymous_7)","decl":{"start":{"line":8,"column":2},"end":{"line":8,"column":22}},"loc":{"start":{"line":8,"column":69},"end":{"line":8,"column":73}}},"1":{"name":"(anonymous_8)","decl":{"start":{"line":11,"column":8},"end":{"line":11,"column":15}},"loc":{"start":{"line":11,"column":48},"end":{"line":25,"column":null}}}},"branchMap":{"0":{"loc":{"start":{"line":17,"column":6},"end":{"line":21,"column":null}},"type":"if","locations":[{"start":{"line":17,"column":6},"end":{"line":21,"column":null}}]},"1":{"loc":{"start":{"line":18,"column":8},"end":{"line":20,"column":null}},"type":"if","locations":[{"start":{"line":18,"column":8},"end":{"line":20,"column":null}}]}},"s":{"0":1,"1":1,"2":1,"3":1,"4":1,"5":1,"6":0,"7":0,"8":0,"9":0,"10":1},"f":{"0":1,"1":1},"b":{"0":[0],"1":[0]}}
}
