TN:
SF:src/data/prisma/connectDb.ts
FN:5,(anonymous_0)
FN:7,(anonymous_1)
FNF:2
FNH:1
FNDA:0,(anonymous_0)
FNDA:1,(anonymous_1)
DA:1,1
DA:8,1
DA:9,1
DA:13,1
DA:18,1
LF:5
LH:5
BRDA:8,0,0,1
BRF:1
BRH:1
end_of_record
TN:
SF:src/data/prisma/repositories/prismaRepository.ts
FN:6,(anonymous_7)
FN:15,(anonymous_9)
FN:24,(anonymous_11)
FN:30,(anonymous_13)
FN:36,(anonymous_15)
FN:46,(anonymous_17)
FNF:6
FNH:1
FNDA:0,(anonymous_7)
FNDA:0,(anonymous_9)
FNDA:0,(anonymous_11)
FNDA:1,(anonymous_13)
FNDA:0,(anonymous_15)
FNDA:0,(anonymous_17)
DA:3,1
DA:5,1
DA:7,0
DA:12,0
DA:16,0
DA:22,0
DA:25,0
DA:27,0
DA:31,1
DA:32,0
DA:34,0
DA:37,0
DA:44,0
DA:47,0
DA:52,0
LF:15
LH:3
BRF:0
BRH:0
end_of_record
